<?xml version="1.0" encoding="UTF-8"?>
<coverage generated="1771023509417" clover="3.2.0">
  <project timestamp="1771023509417" name="All files">
    <metrics statements="34" coveredstatements="34" conditionals="24" coveredconditionals="24" methods="4" coveredmethods="4" elements="62" coveredelements="62" complexity="0" loc="34" ncloc="34" packages="1" files="1" classes="1"/>
    <file name="validators.js" path="C:\Users\alons\source\repos\Suscripcion\suscripcion-frontend\src\test\validators.js">
      <metrics statements="34" coveredstatements="34" conditionals="24" coveredconditionals="24" methods="4" coveredmethods="4"/>
      <line num="2" count="1" type="stmt"/>
      <line num="3" count="7" type="cond" truecount="4" falsecount="0"/>
      <line num="4" count="1" type="stmt"/>
      <line num="6" count="6" type="cond" truecount="2" falsecount="0"/>
      <line num="7" count="4" type="stmt"/>
      <line num="9" count="2" type="stmt"/>
      <line num="12" count="1" type="stmt"/>
      <line num="13" count="6" type="cond" truecount="4" falsecount="0"/>
      <line num="14" count="2" type="stmt"/>
      <line num="16" count="4" type="cond" truecount="2" falsecount="0"/>
      <line num="17" count="1" type="stmt"/>
      <line num="19" count="3" type="cond" truecount="2" falsecount="0"/>
      <line num="20" count="1" type="stmt"/>
      <line num="22" count="2" type="stmt"/>
      <line num="25" count="1" type="stmt"/>
      <line num="26" count="6" type="stmt"/>
      <line num="27" count="6" type="cond" truecount="2" falsecount="0"/>
      <line num="28" count="2" type="stmt"/>
      <line num="30" count="4" type="cond" truecount="2" falsecount="0"/>
      <line num="31" count="1" type="stmt"/>
      <line num="33" count="3" type="stmt"/>
      <line num="36" count="1" type="stmt"/>
      <line num="37" count="2" type="stmt"/>
      <line num="39" count="2" type="stmt"/>
      <line num="40" count="2" type="cond" truecount="2" falsecount="0"/>
      <line num="41" count="1" type="stmt"/>
      <line num="44" count="2" type="stmt"/>
      <line num="45" count="2" type="cond" truecount="2" falsecount="0"/>
      <line num="46" count="1" type="stmt"/>
      <line num="49" count="2" type="stmt"/>
      <line num="50" count="2" type="cond" truecount="2" falsecount="0"/>
      <line num="51" count="1" type="stmt"/>
      <line num="54" count="2" type="stmt"/>
      <line num="60" count="1" type="stmt"/>
    </file>
  </project>
</coverage>
