TN:
SF:src\test\validators.js
FN:2,(anonymous_0)
FN:12,(anonymous_1)
FN:25,(anonymous_2)
FN:36,(anonymous_3)
FNF:4
FNH:4
FNDA:7,(anonymous_0)
FNDA:6,(anonymous_1)
FNDA:6,(anonymous_2)
FNDA:2,(anonymous_3)
DA:2,1
DA:3,7
DA:4,1
DA:6,6
DA:7,4
DA:9,2
DA:12,1
DA:13,6
DA:14,2
DA:16,4
DA:17,1
DA:19,3
DA:20,1
DA:22,2
DA:25,1
DA:26,6
DA:27,6
DA:28,2
DA:30,4
DA:31,1
DA:33,3
DA:36,1
DA:37,2
DA:39,2
DA:40,2
DA:41,1
DA:44,2
DA:45,2
DA:46,1
DA:49,2
DA:50,2
DA:51,1
DA:54,2
DA:60,1
LF:34
LH:34
BRDA:3,0,0,1
BRDA:3,0,1,6
BRDA:3,1,0,7
BRDA:3,1,1,6
BRDA:6,2,0,4
BRDA:6,2,1,2
BRDA:13,3,0,2
BRDA:13,3,1,4
BRDA:13,4,0,6
BRDA:13,4,1,4
BRDA:16,5,0,1
BRDA:16,5,1,3
BRDA:19,6,0,1
BRDA:19,6,1,2
BRDA:27,7,0,2
BRDA:27,7,1,4
BRDA:30,8,0,1
BRDA:30,8,1,3
BRDA:40,9,0,1
BRDA:40,9,1,1
BRDA:45,10,0,1
BRDA:45,10,1,1
BRDA:50,11,0,1
BRDA:50,11,1,1
BRF:24
BRH:24
end_of_record
